<?xml version="1.0" encoding="UTF-8"?>
<!-- Generated by org.testng.reporters.JUnitReportReporter -->
<testsuite hostname="LAPTOP-IV65E6IF" failures="0" tests="1" name="xmlFile.FirstTest" time="16.219" errors="0" timestamp="2022-12-17T14:54:15 IST" skipped="0">
  <testcase classname="xmlFile.FirstTest" name="demo" time="16.219"/>
  <system-out/>
</testsuite> <!-- xmlFile.FirstTest -->
