<?xml version="1.0" encoding="UTF-8"?>
<!-- Generated by org.testng.reporters.JUnitReportReporter -->
<testsuite hostname="LAPTOP-IV65E6IF" failures="0" tests="1" name="testngImplementation.CreateDuplicateLeadTest" time="15.574" errors="0" timestamp="2023-01-12T12:16:01 IST" skipped="0">
  <testcase classname="testngImplementation.CreateDuplicateLeadTest" name="duplicateLead" time="15.574"/>
  <system-out/>
</testsuite> <!-- testngImplementation.CreateDuplicateLeadTest -->
