<?xml version="1.0" encoding="UTF-8"?>
<!-- Generated by org.testng.reporters.JUnitReportReporter -->
<testsuite hostname="LAPTOP-IV65E6IF" failures="0" tests="1" name="testngImplementation.CreateContactTest" time="13.291" errors="0" timestamp="2023-01-12T12:16:01 IST" skipped="0">
  <testcase classname="testngImplementation.CreateContactTest" name="creatContact" time="13.291"/>
  <system-out/>
</testsuite> <!-- testngImplementation.CreateContactTest -->
